# JRE version: OpenJDK Runtime Environment (21.0.9) (build 21.0.9+-14649483-b1163.86)
# Java VM: OpenJDK 64-Bit Server VM (21.0.9+-14649483-b1163.86, mixed mode, tiered, compressed oops, compressed class ptrs, g1 gc, windows-amd64)
GC Precious Log:
 CardTable entry size: 512
 Card Set container configuration: InlinePtr #cards 5 size 8 Array Of Cards #cards 12 size 40 Howl #buckets 4 coarsen threshold 1843 Howl Bitmap #cards 512 size 80 coarsen threshold 460 Card regions per heap region 1 cards per card region 2048
 CPUs: 4 total, 4 available
 Memory: 8072M
 Large Page Support: Disabled
 NUMA Support: Disabled
 Compressed Oops: Enabled (32-bit)
 Heap Region Size: 1M
 Heap Min Capacity: 8M
 Heap Initial Capacity: 128M
 Heap Max Capacity: 2020M
 Pre-touch: Disabled
 Parallel Workers: 4
 Concurrent Workers: 1
 Concurrent Refinement Workers: 4
 Periodic GC: Disabled
Heap:
 garbage-first heap   total 135168K, used 95232K [0x0000000081c00000, 0x0000000100000000)
  region size 1024K, 8 young (8192K), 5 survivors (5120K)
 Metaspace       used 56332K, committed 56704K, reserved 1114112K
  class space    used 6503K, committed 6656K, reserved 1048576K
GC Heap History (20 events):
Event: 4.488 GC heap before
{Heap before GC invocations=11 (full 0):
 garbage-first heap   total 67584K, used 51476K [0x0000000081c00000, 0x0000000100000000)
  region size 1024K, 26 young (26624K), 2 survivors (2048K)
 Metaspace       used 45187K, committed 45504K, reserved 1114112K
  class space    used 5366K, committed 5504K, reserved 1048576K
}
Event: 4.502 GC heap after
{Heap after GC invocations=12 (full 0):
 garbage-first heap   total 67584K, used 32021K [0x0000000081c00000, 0x0000000100000000)
  region size 1024K, 4 young (4096K), 4 survivors (4096K)
 Metaspace       used 45187K, committed 45504K, reserved 1114112K
  class space    used 5366K, committed 5504K, reserved 1048576K
}
Event: 4.943 GC heap before
{Heap before GC invocations=12 (full 0):
 garbage-first heap   total 67584K, used 53525K [0x0000000081c00000, 0x0000000100000000)
  region size 1024K, 26 young (26624K), 4 survivors (4096K)
 Metaspace       used 49148K, committed 49408K, reserved 1114112K
  class space    used 5777K, committed 5888K, reserved 1048576K
}
Event: 4.956 GC heap after
{Heap after GC invocations=13 (full 0):
 garbage-first heap   total 81920K, used 35356K [0x0000000081c00000, 0x0000000100000000)
  region size 1024K, 3 young (3072K), 3 survivors (3072K)
 Metaspace       used 49148K, committed 49408K, reserved 1114112K
  class space    used 5777K, committed 5888K, reserved 1048576K
}
Event: 5.448 GC heap before
{Heap before GC invocations=13 (full 0):
 garbage-first heap   total 81920K, used 68124K [0x0000000081c00000, 0x0000000100000000)
  region size 1024K, 34 young (34816K), 3 survivors (3072K)
 Metaspace       used 50337K, committed 50688K, reserved 1114112K
  class space    used 5865K, committed 6016K, reserved 1048576K
}
Event: 5.467 GC heap after
{Heap after GC invocations=14 (full 0):
 garbage-first heap   total 81920K, used 47104K [0x0000000081c00000, 0x0000000100000000)
  region size 1024K, 5 young (5120K), 5 survivors (5120K)
 Metaspace       used 50337K, committed 50688K, reserved 1114112K
  class space    used 5865K, committed 6016K, reserved 1048576K
}
Event: 5.604 GC heap before
{Heap before GC invocations=14 (full 0):
 garbage-first heap   total 81920K, used 67584K [0x0000000081c00000, 0x0000000100000000)
  region size 1024K, 25 young (25600K), 5 survivors (5120K)
 Metaspace       used 50444K, committed 50752K, reserved 1114112K
  class space    used 5866K, committed 6016K, reserved 1048576K
}
Event: 5.622 GC heap after
{Heap after GC invocations=15 (full 0):
 garbage-first heap   total 81920K, used 54784K [0x0000000081c00000, 0x0000000100000000)
  region size 1024K, 4 young (4096K), 4 survivors (4096K)
 Metaspace       used 50444K, committed 50752K, reserved 1114112K
  class space    used 5866K, committed 6016K, reserved 1048576K
}
Event: 6.149 GC heap before
{Heap before GC invocations=16 (full 0):
 garbage-first heap   total 92160K, used 69120K [0x0000000081c00000, 0x0000000100000000)
  region size 1024K, 18 young (18432K), 4 survivors (4096K)
 Metaspace       used 51696K, committed 52032K, reserved 1114112K
  class space    used 6004K, committed 6144K, reserved 1048576K
}
Event: 6.167 GC heap after
{Heap after GC invocations=17 (full 0):
 garbage-first heap   total 92160K, used 58368K [0x0000000081c00000, 0x0000000100000000)
  region size 1024K, 3 young (3072K), 3 survivors (3072K)
 Metaspace       used 51696K, committed 52032K, reserved 1114112K
  class space    used 6004K, committed 6144K, reserved 1048576K
}
Event: 6.480 GC heap before
{Heap before GC invocations=17 (full 0):
 garbage-first heap   total 92160K, used 77824K [0x0000000081c00000, 0x0000000100000000)
  region size 1024K, 22 young (22528K), 3 survivors (3072K)
 Metaspace       used 52228K, committed 52544K, reserved 1114112K
  class space    used 6053K, committed 6208K, reserved 1048576K
}
Event: 6.500 GC heap after
{Heap after GC invocations=18 (full 0):
 garbage-first heap   total 92160K, used 61425K [0x0000000081c00000, 0x0000000100000000)
  region size 1024K, 3 young (3072K), 3 survivors (3072K)
 Metaspace       used 52228K, committed 52544K, reserved 1114112K
  class space    used 6053K, committed 6208K, reserved 1048576K
}
Event: 6.588 GC heap before
{Heap before GC invocations=18 (full 0):
 garbage-first heap   total 92160K, used 79857K [0x0000000081c00000, 0x0000000100000000)
  region size 1024K, 21 young (21504K), 3 survivors (3072K)
 Metaspace       used 52230K, committed 52544K, reserved 1114112K
  class space    used 6053K, committed 6208K, reserved 1048576K
}
Event: 6.599 GC heap after
{Heap after GC invocations=19 (full 0):
 garbage-first heap   total 135168K, used 66526K [0x0000000081c00000, 0x0000000100000000)
  region size 1024K, 3 young (3072K), 3 survivors (3072K)
 Metaspace       used 52230K, committed 52544K, reserved 1114112K
  class space    used 6053K, committed 6208K, reserved 1048576K
}
Event: 6.930 GC heap before
{Heap before GC invocations=20 (full 0):
 garbage-first heap   total 135168K, used 107486K [0x0000000081c00000, 0x0000000100000000)
  region size 1024K, 43 young (44032K), 3 survivors (3072K)
 Metaspace       used 52230K, committed 52544K, reserved 1114112K
  class space    used 6053K, committed 6208K, reserved 1048576K
}
Event: 6.942 GC heap after
{Heap after GC invocations=21 (full 0):
 garbage-first heap   total 135168K, used 78336K [0x0000000081c00000, 0x0000000100000000)
  region size 1024K, 6 young (6144K), 6 survivors (6144K)
 Metaspace       used 52230K, committed 52544K, reserved 1114112K
  class space    used 6053K, committed 6208K, reserved 1048576K
}
Event: 7.150 GC heap before
{Heap before GC invocations=21 (full 0):
 garbage-first heap   total 135168K, used 111104K [0x0000000081c00000, 0x0000000100000000)
  region size 1024K, 38 young (38912K), 6 survivors (6144K)
 Metaspace       used 52231K, committed 52544K, reserved 1114112K
  class space    used 6053K, committed 6208K, reserved 1048576K
}
Event: 7.164 GC heap after
{Heap after GC invocations=22 (full 0):
 garbage-first heap   total 135168K, used 86528K [0x0000000081c00000, 0x0000000100000000)
  region size 1024K, 5 young (5120K), 5 survivors (5120K)
 Metaspace       used 52231K, committed 52544K, reserved 1114112K
  class space    used 6053K, committed 6208K, reserved 1048576K
}
Event: 7.858 GC heap before
{Heap before GC invocations=22 (full 0):
 garbage-first heap   total 135168K, used 115200K [0x0000000081c00000, 0x0000000100000000)
  region size 1024K, 33 young (33792K), 5 survivors (5120K)
 Metaspace       used 55946K, committed 56256K, reserved 1114112K
  class space    used 6449K, committed 6592K, reserved 1048576K
}
Event: 7.873 GC heap after
{Heap after GC invocations=23 (full 0):
 garbage-first heap   total 135168K, used 93184K [0x0000000081c00000, 0x0000000100000000)
  region size 1024K, 5 young (5120K), 5 survivors (5120K)
 Metaspace       used 55946K, committed 56256K, reserved 1114112K
  class space    used 6449K, committed 6592K, reserved 1048576K
}

