# JRE version: OpenJDK Runtime Environment (21.0.9) (build 21.0.9+-14649483-b1163.86)
# Java VM: OpenJDK 64-Bit Server VM (21.0.9+-14649483-b1163.86, mixed mode, tiered, compressed oops, compressed class ptrs, g1 gc, windows-amd64)
GC Precious Log:
 CardTable entry size: 512
 Card Set container configuration: InlinePtr #cards 5 size 8 Array Of Cards #cards 12 size 40 Howl #buckets 4 coarsen threshold 1843 Howl Bitmap #cards 512 size 80 coarsen threshold 460 Card regions per heap region 1 cards per card region 2048
 CPUs: 4 total, 4 available
 Memory: 8072M
 Large Page Support: Disabled
 NUMA Support: Disabled
 Compressed Oops: Enabled (32-bit)
 Heap Region Size: 1M
 Heap Min Capacity: 8M
 Heap Initial Capacity: 128M
 Heap Max Capacity: 2020M
 Pre-touch: Disabled
 Parallel Workers: 4
 Concurrent Workers: 1
 Concurrent Refinement Workers: 4
 Periodic GC: Disabled
Heap:
 garbage-first heap   total 299008K, used 212568K [0x0000000081c00000, 0x0000000100000000)
  region size 1024K, 41 young (41984K), 6 survivors (6144K)
 Metaspace       used 93172K, committed 93568K, reserved 1179648K
  class space    used 9650K, committed 9792K, reserved 1048576K
GC Heap History (20 events):
Event: 20.479 GC heap before
{Heap before GC invocations=32 (full 0):
 garbage-first heap   total 177152K, used 155136K [0x0000000081c00000, 0x0000000100000000)
  region size 1024K, 45 young (46080K), 7 survivors (7168K)
 Metaspace       used 61599K, committed 61952K, reserved 1114112K
  class space    used 6908K, committed 7040K, reserved 1048576K
}
Event: 20.496 GC heap after
{Heap after GC invocations=33 (full 0):
 garbage-first heap   total 177152K, used 121390K [0x0000000081c00000, 0x0000000100000000)
  region size 1024K, 6 young (6144K), 6 survivors (6144K)
 Metaspace       used 61599K, committed 61952K, reserved 1114112K
  class space    used 6908K, committed 7040K, reserved 1048576K
}
Event: 24.196 GC heap before
{Heap before GC invocations=34 (full 0):
 garbage-first heap   total 204800K, used 157230K [0x0000000081c00000, 0x0000000100000000)
  region size 1024K, 41 young (41984K), 6 survivors (6144K)
 Metaspace       used 65356K, committed 65728K, reserved 1114112K
  class space    used 7235K, committed 7424K, reserved 1048576K
}
Event: 24.209 GC heap after
{Heap after GC invocations=35 (full 0):
 garbage-first heap   total 204800K, used 125197K [0x0000000081c00000, 0x0000000100000000)
  region size 1024K, 4 young (4096K), 4 survivors (4096K)
 Metaspace       used 65356K, committed 65728K, reserved 1114112K
  class space    used 7235K, committed 7424K, reserved 1048576K
}
Event: 27.582 GC heap before
{Heap before GC invocations=35 (full 0):
 garbage-first heap   total 204800K, used 180493K [0x0000000081c00000, 0x0000000100000000)
  region size 1024K, 58 young (59392K), 4 survivors (4096K)
 Metaspace       used 66881K, committed 67264K, reserved 1114112K
  class space    used 7304K, committed 7488K, reserved 1048576K
}
Event: 27.602 GC heap after
{Heap after GC invocations=36 (full 0):
 garbage-first heap   total 204800K, used 131647K [0x0000000081c00000, 0x0000000100000000)
  region size 1024K, 8 young (8192K), 8 survivors (8192K)
 Metaspace       used 66881K, committed 67264K, reserved 1114112K
  class space    used 7304K, committed 7488K, reserved 1048576K
}
Event: 40.784 GC heap before
{Heap before GC invocations=36 (full 0):
 garbage-first heap   total 204800K, used 182847K [0x0000000081c00000, 0x0000000100000000)
  region size 1024K, 58 young (59392K), 8 survivors (8192K)
 Metaspace       used 73653K, committed 74048K, reserved 1179648K
  class space    used 7903K, committed 8064K, reserved 1048576K
}
Event: 40.809 GC heap after
{Heap after GC invocations=37 (full 0):
 garbage-first heap   total 204800K, used 140407K [0x0000000081c00000, 0x0000000100000000)
  region size 1024K, 8 young (8192K), 8 survivors (8192K)
 Metaspace       used 73653K, committed 74048K, reserved 1179648K
  class space    used 7903K, committed 8064K, reserved 1048576K
}
Event: 42.954 GC heap before
{Heap before GC invocations=38 (full 0):
 garbage-first heap   total 235520K, used 184439K [0x0000000081c00000, 0x0000000100000000)
  region size 1024K, 51 young (52224K), 8 survivors (8192K)
 Metaspace       used 76021K, committed 76416K, reserved 1179648K
  class space    used 8087K, committed 8256K, reserved 1048576K
}
Event: 42.979 GC heap after
{Heap after GC invocations=39 (full 0):
 garbage-first heap   total 235520K, used 148327K [0x0000000081c00000, 0x0000000100000000)
  region size 1024K, 7 young (7168K), 7 survivors (7168K)
 Metaspace       used 76021K, committed 76416K, reserved 1179648K
  class space    used 8087K, committed 8256K, reserved 1048576K
}
Event: 44.293 GC heap before
{Heap before GC invocations=39 (full 0):
 garbage-first heap   total 235520K, used 209767K [0x0000000081c00000, 0x0000000100000000)
  region size 1024K, 67 young (68608K), 7 survivors (7168K)
 Metaspace       used 78002K, committed 78400K, reserved 1179648K
  class space    used 8280K, committed 8448K, reserved 1048576K
}
Event: 44.324 GC heap after
{Heap after GC invocations=40 (full 0):
 garbage-first heap   total 235520K, used 159744K [0x0000000081c00000, 0x0000000100000000)
  region size 1024K, 9 young (9216K), 9 survivors (9216K)
 Metaspace       used 78002K, committed 78400K, reserved 1179648K
  class space    used 8280K, committed 8448K, reserved 1048576K
}
Event: 45.746 GC heap before
{Heap before GC invocations=40 (full 0):
 garbage-first heap   total 235520K, used 210944K [0x0000000081c00000, 0x0000000100000000)
  region size 1024K, 59 young (60416K), 9 survivors (9216K)
 Metaspace       used 84522K, committed 84992K, reserved 1179648K
  class space    used 8993K, committed 9216K, reserved 1048576K
}
Event: 45.771 GC heap after
{Heap after GC invocations=41 (full 0):
 garbage-first heap   total 235520K, used 165376K [0x0000000081c00000, 0x0000000100000000)
  region size 1024K, 4 young (4096K), 4 survivors (4096K)
 Metaspace       used 84522K, committed 84992K, reserved 1179648K
  class space    used 8993K, committed 9216K, reserved 1048576K
}
Event: 47.505 GC heap before
{Heap before GC invocations=42 (full 0):
 garbage-first heap   total 276480K, used 213504K [0x0000000081c00000, 0x0000000100000000)
  region size 1024K, 51 young (52224K), 4 survivors (4096K)
 Metaspace       used 89200K, committed 89664K, reserved 1179648K
  class space    used 9367K, committed 9536K, reserved 1048576K
}
Event: 47.520 GC heap after
{Heap after GC invocations=43 (full 0):
 garbage-first heap   total 276480K, used 169866K [0x0000000081c00000, 0x0000000100000000)
  region size 1024K, 4 young (4096K), 4 survivors (4096K)
 Metaspace       used 89200K, committed 89664K, reserved 1179648K
  class space    used 9367K, committed 9536K, reserved 1048576K
}
Event: 49.181 GC heap before
{Heap before GC invocations=43 (full 0):
 garbage-first heap   total 276480K, used 246666K [0x0000000081c00000, 0x0000000100000000)
  region size 1024K, 79 young (80896K), 4 survivors (4096K)
 Metaspace       used 92272K, committed 92736K, reserved 1179648K
  class space    used 9608K, committed 9792K, reserved 1048576K
}
Event: 49.197 GC heap after
{Heap after GC invocations=44 (full 0):
 garbage-first heap   total 276480K, used 174301K [0x0000000081c00000, 0x0000000100000000)
  region size 1024K, 10 young (10240K), 10 survivors (10240K)
 Metaspace       used 92272K, committed 92736K, reserved 1179648K
  class space    used 9608K, committed 9792K, reserved 1048576K
}
Event: 50.181 GC heap before
{Heap before GC invocations=44 (full 0):
 garbage-first heap   total 276480K, used 250077K [0x0000000081c00000, 0x0000000100000000)
  region size 1024K, 84 young (86016K), 10 survivors (10240K)
 Metaspace       used 93086K, committed 93504K, reserved 1179648K
  class space    used 9650K, committed 9792K, reserved 1048576K
}
Event: 50.203 GC heap after
{Heap after GC invocations=45 (full 0):
 garbage-first heap   total 276480K, used 177752K [0x0000000081c00000, 0x0000000100000000)
  region size 1024K, 6 young (6144K), 6 survivors (6144K)
 Metaspace       used 93086K, committed 93504K, reserved 1179648K
  class space    used 9650K, committed 9792K, reserved 1048576K
}

