# JRE version: OpenJDK Runtime Environment (21.0.9) (build 21.0.9+-14649483-b1163.86)
# Java VM: OpenJDK 64-Bit Server VM (21.0.9+-14649483-b1163.86, mixed mode, tiered, compressed oops, compressed class ptrs, g1 gc, windows-amd64)
GC Precious Log:
 CardTable entry size: 512
 Card Set container configuration: InlinePtr #cards 5 size 8 Array Of Cards #cards 12 size 40 Howl #buckets 4 coarsen threshold 1843 Howl Bitmap #cards 512 size 80 coarsen threshold 460 Card regions per heap region 1 cards per card region 2048
 CPUs: 4 total, 4 available
 Memory: 8072M
 Large Page Support: Disabled
 NUMA Support: Disabled
 Compressed Oops: Enabled (32-bit)
 Heap Region Size: 1M
 Heap Min Capacity: 8M
 Heap Initial Capacity: 128M
 Heap Max Capacity: 2020M
 Pre-touch: Disabled
 Parallel Workers: 4
 Concurrent Workers: 1
 Concurrent Refinement Workers: 4
 Periodic GC: Disabled
Heap:
 garbage-first heap   total 240640K, used 150907K [0x0000000081c00000, 0x0000000100000000)
  region size 1024K, 8 young (8192K), 7 survivors (7168K)
 Metaspace       used 77217K, committed 77568K, reserved 1179648K
  class space    used 8225K, committed 8384K, reserved 1048576K
GC Heap History (20 events):
Event: 16.523 GC heap before
{Heap before GC invocations=24 (full 0):
 garbage-first heap   total 112640K, used 96114K [0x0000000081c00000, 0x0000000100000000)
  region size 1024K, 27 young (27648K), 3 survivors (3072K)
 Metaspace       used 52194K, committed 52416K, reserved 1114112K
  class space    used 6035K, committed 6144K, reserved 1048576K
}
Event: 16.534 GC heap after
{Heap after GC invocations=25 (full 0):
 garbage-first heap   total 151552K, used 77824K [0x0000000081c00000, 0x0000000100000000)
  region size 1024K, 4 young (4096K), 4 survivors (4096K)
 Metaspace       used 52194K, committed 52416K, reserved 1114112K
  class space    used 6035K, committed 6144K, reserved 1048576K
}
Event: 17.870 GC heap before
{Heap before GC invocations=25 (full 0):
 garbage-first heap   total 151552K, used 121856K [0x0000000081c00000, 0x0000000100000000)
  region size 1024K, 47 young (48128K), 4 survivors (4096K)
 Metaspace       used 54229K, committed 54528K, reserved 1114112K
  class space    used 6252K, committed 6400K, reserved 1048576K
}
Event: 17.887 GC heap after
{Heap after GC invocations=26 (full 0):
 garbage-first heap   total 151552K, used 88759K [0x0000000081c00000, 0x0000000100000000)
  region size 1024K, 6 young (6144K), 6 survivors (6144K)
 Metaspace       used 54229K, committed 54528K, reserved 1114112K
  class space    used 6252K, committed 6400K, reserved 1048576K
}
Event: 19.467 GC heap before
{Heap before GC invocations=26 (full 0):
 garbage-first heap   total 151552K, used 123575K [0x0000000081c00000, 0x0000000100000000)
  region size 1024K, 40 young (40960K), 6 survivors (6144K)
 Metaspace       used 58119K, committed 58368K, reserved 1114112K
  class space    used 6684K, committed 6784K, reserved 1048576K
}
Event: 19.489 GC heap after
{Heap after GC invocations=27 (full 0):
 garbage-first heap   total 151552K, used 95223K [0x0000000081c00000, 0x0000000100000000)
  region size 1024K, 5 young (5120K), 5 survivors (5120K)
 Metaspace       used 58119K, committed 58368K, reserved 1114112K
  class space    used 6684K, committed 6784K, reserved 1048576K
}
Event: 21.790 GC heap before
{Heap before GC invocations=27 (full 0):
 garbage-first heap   total 151552K, used 129015K [0x0000000081c00000, 0x0000000100000000)
  region size 1024K, 38 young (38912K), 5 survivors (5120K)
 Metaspace       used 60169K, committed 60480K, reserved 1114112K
  class space    used 6805K, committed 6912K, reserved 1048576K
}
Event: 21.814 GC heap after
{Heap after GC invocations=28 (full 0):
 garbage-first heap   total 151552K, used 99328K [0x0000000081c00000, 0x0000000100000000)
  region size 1024K, 4 young (4096K), 4 survivors (4096K)
 Metaspace       used 60169K, committed 60480K, reserved 1114112K
  class space    used 6805K, committed 6912K, reserved 1048576K
}
Event: 23.358 GC heap before
{Heap before GC invocations=28 (full 0):
 garbage-first heap   total 151552K, used 132096K [0x0000000081c00000, 0x0000000100000000)
  region size 1024K, 36 young (36864K), 4 survivors (4096K)
 Metaspace       used 60671K, committed 60992K, reserved 1114112K
  class space    used 6861K, committed 6976K, reserved 1048576K
}
Event: 23.388 GC heap after
{Heap after GC invocations=29 (full 0):
 garbage-first heap   total 151552K, used 107220K [0x0000000081c00000, 0x0000000100000000)
  region size 1024K, 5 young (5120K), 5 survivors (5120K)
 Metaspace       used 60671K, committed 60992K, reserved 1114112K
  class space    used 6861K, committed 6976K, reserved 1048576K
}
Event: 25.698 GC heap before
{Heap before GC invocations=30 (full 0):
 garbage-first heap   total 179200K, used 134868K [0x0000000081c00000, 0x0000000100000000)
  region size 1024K, 32 young (32768K), 5 survivors (5120K)
 Metaspace       used 61040K, committed 61376K, reserved 1114112K
  class space    used 6889K, committed 7040K, reserved 1048576K
}
Event: 25.739 GC heap after
{Heap after GC invocations=31 (full 0):
 garbage-first heap   total 179200K, used 112935K [0x0000000081c00000, 0x0000000100000000)
  region size 1024K, 4 young (4096K), 4 survivors (4096K)
 Metaspace       used 61040K, committed 61376K, reserved 1114112K
  class space    used 6889K, committed 7040K, reserved 1048576K
}
Event: 29.025 GC heap before
{Heap before GC invocations=31 (full 0):
 garbage-first heap   total 179200K, used 154919K [0x0000000081c00000, 0x0000000100000000)
  region size 1024K, 45 young (46080K), 4 survivors (4096K)
 Metaspace       used 61495K, committed 61760K, reserved 1114112K
  class space    used 6903K, committed 7040K, reserved 1048576K
}
Event: 29.052 GC heap after
{Heap after GC invocations=32 (full 0):
 garbage-first heap   total 215040K, used 118372K [0x0000000081c00000, 0x0000000100000000)
  region size 1024K, 6 young (6144K), 6 survivors (6144K)
 Metaspace       used 61495K, committed 61760K, reserved 1114112K
  class space    used 6903K, committed 7040K, reserved 1048576K
}
Event: 33.859 GC heap before
{Heap before GC invocations=32 (full 0):
 garbage-first heap   total 215040K, used 181860K [0x0000000081c00000, 0x0000000100000000)
  region size 1024K, 68 young (69632K), 6 survivors (6144K)
 Metaspace       used 66020K, committed 66368K, reserved 1114112K
  class space    used 7257K, committed 7424K, reserved 1048576K
}
Event: 33.899 GC heap after
{Heap after GC invocations=33 (full 0):
 garbage-first heap   total 215040K, used 126211K [0x0000000081c00000, 0x0000000100000000)
  region size 1024K, 8 young (8192K), 8 survivors (8192K)
 Metaspace       used 66020K, committed 66368K, reserved 1114112K
  class space    used 7257K, committed 7424K, reserved 1048576K
}
Event: 37.862 GC heap before
{Heap before GC invocations=33 (full 0):
 garbage-first heap   total 215040K, used 183555K [0x0000000081c00000, 0x0000000100000000)
  region size 1024K, 64 young (65536K), 8 survivors (8192K)
 Metaspace       used 67862K, committed 68288K, reserved 1114112K
  class space    used 7349K, committed 7552K, reserved 1048576K
}
Event: 37.919 GC heap after
{Heap after GC invocations=34 (full 0):
 garbage-first heap   total 215040K, used 135168K [0x0000000081c00000, 0x0000000100000000)
  region size 1024K, 8 young (8192K), 8 survivors (8192K)
 Metaspace       used 67862K, committed 68288K, reserved 1114112K
  class space    used 7349K, committed 7552K, reserved 1048576K
}
Event: 41.657 GC heap before
{Heap before GC invocations=34 (full 0):
 garbage-first heap   total 215040K, used 181248K [0x0000000081c00000, 0x0000000100000000)
  region size 1024K, 54 young (55296K), 8 survivors (8192K)
 Metaspace       used 74517K, committed 74880K, reserved 1179648K
  class space    used 7954K, committed 8128K, reserved 1048576K
}
Event: 41.692 GC heap after
{Heap after GC invocations=35 (full 0):
 garbage-first heap   total 215040K, used 143872K [0x0000000081c00000, 0x0000000100000000)
  region size 1024K, 8 young (8192K), 8 survivors (8192K)
 Metaspace       used 74517K, committed 74880K, reserved 1179648K
  class space    used 7954K, committed 8128K, reserved 1048576K
}

